2018-04-06 14:03:37.671 [main] DEBUG my.project.musicbrainz.ParametersParserAndValidator - Command line arguments: [b0837172-673c-4416-80d6-8a5801e6f102]
2018-04-06 14:03:37.674 [main] DEBUG my.project.musicbrainz.ParametersParserAndValidator - Effective properties: {xml-cache-dir=c:\MusicBrainzCache, overwrite-output=1}
2018-04-06 14:03:37.676 [main] DEBUG my.project.musicbrainz.XMLProvider - Got file c:\MusicBrainzCache\release-b0837172-673c-4416-80d6-8a5801e6f102.xml
2018-04-06 14:03:37.754 [main] DEBUG my.project.musicbrainz.XMLProvider - Got file c:\MusicBrainzCache\recording-12a8f69f-72a3-46e7-b154-6c7d2be798da.xml
2018-04-06 14:03:37.758 [main] DEBUG my.project.musicbrainz.XMLProvider - Got file c:\MusicBrainzCache\artist-97bb0876-eb88-4e55-b2b3-5087b150bba7.xml
2018-04-06 14:03:37.761 [main] DEBUG my.project.musicbrainz.XMLProvider - Got file c:\MusicBrainzCache\artist-cb535c4c-711b-4be1-98f3-b6b5f8955d41.xml
2018-04-06 14:03:37.762 [main] DEBUG my.project.musicbrainz.XMLProvider - Got file c:\MusicBrainzCache\artist-f83945a5-1612-4eb3-b529-5236c6e6755e.xml
2018-04-06 14:03:37.764 [main] DEBUG my.project.musicbrainz.XMLProvider - Got file c:\MusicBrainzCache\work-584194aa-5f05-3b5d-9cd1-99a106e0f88f.xml
2018-04-06 14:03:37.765 [main] DEBUG my.project.musicbrainz.XMLProvider - Got file c:\MusicBrainzCache\artist-b972f589-fb0e-474e-b64a-803b0364fa75.xml
2018-04-06 14:03:37.769 [main] DEBUG my.project.musicbrainz.XMLProvider - Got file c:\MusicBrainzCache\recording-d6fae654-cfae-4479-b013-c6c6d8957a9b.xml
2018-04-06 14:03:37.770 [main] DEBUG my.project.musicbrainz.XMLProvider - Got file c:\MusicBrainzCache\work-25b83328-14e5-3e22-9093-6a2db2a55a18.xml
2018-04-06 14:03:37.772 [main] DEBUG my.project.musicbrainz.XMLProvider - Got file c:\MusicBrainzCache\recording-33d0008d-53a2-4720-9f2d-1e794617e214.xml
2018-04-06 14:03:37.773 [main] DEBUG my.project.musicbrainz.XMLProvider - Got file c:\MusicBrainzCache\work-fc5a2f21-b86c-3965-b1eb-f3619be93898.xml
2018-04-06 14:03:37.774 [main] DEBUG my.project.musicbrainz.XMLProvider - Got file c:\MusicBrainzCache\recording-f8fcbbb6-eaa5-4173-a8c6-5aa752d3fecf.xml
2018-04-06 14:03:37.776 [main] DEBUG my.project.musicbrainz.XMLProvider - Got file c:\MusicBrainzCache\work-d7e2a9f1-3be1-323d-b45a-81ffcc0b4494.xml
2018-04-06 14:03:37.777 [main] DEBUG my.project.musicbrainz.XMLProvider - Got file c:\MusicBrainzCache\recording-ae91b8a0-9272-4ffd-8cfb-45e5943b0f66.xml
2018-04-06 14:03:37.779 [main] DEBUG my.project.musicbrainz.XMLProvider - Got file c:\MusicBrainzCache\work-02495148-b249-361b-8e3f-2bcfd752305f.xml
2018-04-06 14:03:37.781 [main] DEBUG my.project.musicbrainz.XMLProvider - Got file c:\MusicBrainzCache\recording-82d9f2c3-ada9-4361-b040-b320153e6e68.xml
2018-04-06 14:03:37.782 [main] DEBUG my.project.musicbrainz.XMLProvider - Got file c:\MusicBrainzCache\work-501ab5e3-15bb-3db9-b39b-5a7b1802959f.xml
2018-04-06 14:03:37.784 [main] DEBUG my.project.musicbrainz.XMLProvider - Got file c:\MusicBrainzCache\recording-15aa2229-0977-44fc-869f-7ccc4b3bff5c.xml
2018-04-06 14:03:37.785 [main] DEBUG my.project.musicbrainz.XMLProvider - Got file c:\MusicBrainzCache\work-4fbc74a1-ed03-340b-9efd-063321993e9a.xml
2018-04-06 14:03:37.786 [main] DEBUG my.project.musicbrainz.XMLProvider - Got file c:\MusicBrainzCache\recording-e51e02a8-88ad-45c1-8fa8-0c22669d0e10.xml
2018-04-06 14:03:37.788 [main] DEBUG my.project.musicbrainz.XMLProvider - Got file c:\MusicBrainzCache\work-c256c4a9-d482-3c1e-8cbf-96e1bf89fa6e.xml
2018-04-06 14:03:37.790 [main] DEBUG my.project.musicbrainz.XMLProvider - Got file c:\MusicBrainzCache\recording-b13f9144-72c5-44ef-af1c-7f506e8d13b0.xml
2018-04-06 14:03:37.791 [main] DEBUG my.project.musicbrainz.XMLProvider - Got file c:\MusicBrainzCache\work-fb289d44-3a80-37e4-8337-17863e2f9f38.xml
2018-04-06 14:03:37.793 [main] DEBUG my.project.musicbrainz.XMLProvider - Got file c:\MusicBrainzCache\recording-9ee9b2a1-2215-414c-889d-c23356b0ef3b.xml
2018-04-06 14:03:37.794 [main] DEBUG my.project.musicbrainz.XMLProvider - Got file c:\MusicBrainzCache\work-1a705aa4-187a-3f91-8af9-7e23d4400a7c.xml
2018-04-06 14:03:37.796 [main] DEBUG my.project.musicbrainz.XMLProvider - Got file c:\MusicBrainzCache\recording-755ced8b-a35c-472d-9fc1-b84be6446d7e.xml
2018-04-06 14:03:37.797 [main] DEBUG my.project.musicbrainz.XMLProvider - Got file c:\MusicBrainzCache\work-ba2dd89e-e065-3d33-a866-65e7e1d4f235.xml
2018-04-06 14:03:37.800 [main] DEBUG my.project.musicbrainz.XMLProvider - Got file c:\MusicBrainzCache\recording-58f155d8-4bf9-4399-94e9-46e731418fb8.xml
2018-04-06 14:03:37.801 [main] DEBUG my.project.musicbrainz.XMLProvider - Got file c:\MusicBrainzCache\work-3caf63f9-771b-3a1e-a3ee-6c3165d29543.xml
2018-04-06 14:03:37.802 [main] DEBUG my.project.musicbrainz.XMLProvider - Got file c:\MusicBrainzCache\recording-82bc65df-41a5-49fc-b18c-5cce95ce2dca.xml
2018-04-06 14:03:37.804 [main] DEBUG my.project.musicbrainz.XMLProvider - Got file c:\MusicBrainzCache\work-2ee7b29c-c6d4-3d61-90af-6661d6c2472e.xml
2018-04-06 14:03:37.805 [main] DEBUG my.project.musicbrainz.XMLProvider - Got file c:\MusicBrainzCache\recording-2e0bb065-223a-42d7-ba07-f358f8aeace1.xml
2018-04-06 14:03:37.806 [main] DEBUG my.project.musicbrainz.XMLProvider - Got file c:\MusicBrainzCache\work-284d8abb-b9c4-3c0b-aba9-6a77ab22630e.xml
2018-04-06 14:03:37.808 [main] DEBUG my.project.musicbrainz.XMLProvider - Got file c:\MusicBrainzCache\recording-e34bd302-e915-4e01-a306-49464bb20ea3.xml
2018-04-06 14:03:37.809 [main] DEBUG my.project.musicbrainz.XMLProvider - Got file c:\MusicBrainzCache\work-6884716f-132a-3956-9428-a9a25ac4e9e2.xml
2018-04-06 14:03:37.811 [main] DEBUG my.project.musicbrainz.XMLProvider - Got file c:\MusicBrainzCache\recording-40408340-753c-4a98-a0c5-0bbddba3841a.xml
2018-04-06 14:03:37.812 [main] DEBUG my.project.musicbrainz.XMLProvider - Got file c:\MusicBrainzCache\work-906604e0-7355-30dc-8e77-d2532532d43a.xml
2018-04-06 14:03:37.814 [main] DEBUG my.project.musicbrainz.XMLProvider - Got file c:\MusicBrainzCache\recording-4cd483af-3316-4b14-854d-5baf2ff98433.xml
2018-04-06 14:03:37.818 [main] DEBUG my.project.musicbrainz.XMLProvider - Got file c:\MusicBrainzCache\work-0028e80b-25e7-3e0f-82a7-4705383ce4cd.xml
2018-04-06 14:03:37.819 [main] DEBUG my.project.musicbrainz.XMLProvider - Got file c:\MusicBrainzCache\recording-54e952fc-f425-4d28-abb8-007adcc37484.xml
2018-04-06 14:03:37.827 [main] DEBUG my.project.musicbrainz.XMLProvider - Got file c:\MusicBrainzCache\work-fdad19ef-c219-37cb-9d82-0ab99a2e1bdd.xml
2018-04-06 14:03:37.829 [main] DEBUG my.project.musicbrainz.XMLProvider - Got file c:\MusicBrainzCache\recording-284075e0-ee33-404b-a89a-11bc03765e23.xml
2018-04-06 14:03:37.831 [main] DEBUG my.project.musicbrainz.XMLProvider - Got file c:\MusicBrainzCache\work-ce14f9b9-4366-32d2-83d2-c6da606d479e.xml
2018-04-06 14:03:37.833 [main] DEBUG my.project.musicbrainz.XMLProvider - Got file c:\MusicBrainzCache\recording-73d21c1c-f850-45ce-831a-a30cb2f82aaf.xml
2018-04-06 14:03:37.834 [main] DEBUG my.project.musicbrainz.XMLProvider - Got file c:\MusicBrainzCache\work-a0963c14-2865-3c05-a673-7d2d649dec57.xml
2018-04-06 14:03:37.836 [main] DEBUG my.project.musicbrainz.XMLProvider - Got file c:\MusicBrainzCache\recording-b4c668c0-55a6-4960-8480-65d735c46be5.xml
2018-04-06 14:03:37.837 [main] DEBUG my.project.musicbrainz.XMLProvider - Got file c:\MusicBrainzCache\work-1d844aa5-eca2-3219-a6bf-76c1c0662de2.xml
2018-04-06 14:03:37.839 [main] DEBUG my.project.musicbrainz.XMLProvider - Got file c:\MusicBrainzCache\recording-48451212-98c0-4585-8dbd-c2c9b0d2ad5a.xml
2018-04-06 14:03:37.840 [main] DEBUG my.project.musicbrainz.XMLProvider - Got file c:\MusicBrainzCache\work-2bfcb822-94ad-3f88-bda9-dd542f7d2b80.xml
2018-04-06 14:03:37.842 [main] DEBUG my.project.musicbrainz.XMLProvider - Got file c:\MusicBrainzCache\recording-a93845aa-c1a3-488b-b3e3-82f3f204b0e4.xml
2018-04-06 14:03:37.843 [main] DEBUG my.project.musicbrainz.XMLProvider - Got file c:\MusicBrainzCache\work-bd241d28-80f6-3993-a00e-71dbc73067d3.xml
2018-04-06 14:03:37.844 [main] DEBUG my.project.musicbrainz.XMLProvider - Got file c:\MusicBrainzCache\recording-1de04469-1d62-4372-aa3f-2ea3539fef72.xml
2018-04-06 14:03:37.845 [main] DEBUG my.project.musicbrainz.XMLProvider - Got file c:\MusicBrainzCache\work-b13bd74b-1add-308f-b22d-4cc5515e4a3b.xml
2018-04-06 14:03:37.846 [main] DEBUG my.project.musicbrainz.XMLProvider - Got file c:\MusicBrainzCache\recording-c3aa832f-bc1a-488c-b6fa-e14865db806c.xml
2018-04-06 14:03:37.847 [main] DEBUG my.project.musicbrainz.XMLProvider - Got file c:\MusicBrainzCache\work-9adde7c6-f980-3b8f-ba65-b4ec7f29cc2e.xml
2018-04-06 14:03:37.849 [main] DEBUG my.project.musicbrainz.XMLProvider - Got file c:\MusicBrainzCache\recording-71665617-a0d3-4e4c-b5fb-81f7bb19cf51.xml
2018-04-06 14:03:37.850 [main] DEBUG my.project.musicbrainz.XMLProvider - Got file c:\MusicBrainzCache\work-d1e99679-9c6d-3434-a67f-45524a2b3883.xml
2018-04-06 14:03:37.851 [main] DEBUG my.project.musicbrainz.XMLProvider - Got file c:\MusicBrainzCache\recording-c65f838b-1df8-41cb-bce6-de7c39ea2e92.xml
2018-04-06 14:03:37.853 [main] DEBUG my.project.musicbrainz.XMLProvider - Got file c:\MusicBrainzCache\work-cfc41ea3-593b-393c-8e45-f42ebeb6c85e.xml
2018-04-06 14:03:37.854 [main] DEBUG my.project.musicbrainz.XMLProvider - Got file c:\MusicBrainzCache\recording-105fd921-4798-4bcd-aefc-754702150c7a.xml
2018-04-06 14:03:37.856 [main] DEBUG my.project.musicbrainz.XMLProvider - Got file c:\MusicBrainzCache\work-b6c21a38-72e3-3b46-a522-d0c412d00567.xml
2018-04-06 14:03:37.857 [main] DEBUG my.project.musicbrainz.XMLProvider - Got file c:\MusicBrainzCache\recording-7ebc3cef-be97-4c1c-8c7d-524413ee23e1.xml
2018-04-06 14:03:37.859 [main] DEBUG my.project.musicbrainz.XMLProvider - Got file c:\MusicBrainzCache\work-38b61b79-feb2-3174-8e4f-08527762f10f.xml
2018-04-06 14:03:37.860 [main] DEBUG my.project.musicbrainz.XMLProvider - Got file c:\MusicBrainzCache\recording-587a55be-21a8-4db7-aee4-f2ee8ccf4458.xml
2018-04-06 14:03:37.862 [main] DEBUG my.project.musicbrainz.XMLProvider - Got file c:\MusicBrainzCache\work-26899b6d-d561-366e-a221-aa11e9001ad3.xml
2018-04-06 14:03:37.863 [main] DEBUG my.project.musicbrainz.XMLProvider - Got file c:\MusicBrainzCache\recording-739a5a06-e773-48fc-8cf8-8096a2786123.xml
2018-04-06 14:03:37.865 [main] DEBUG my.project.musicbrainz.XMLProvider - Got file c:\MusicBrainzCache\work-21859d1a-0bf2-3c17-8c43-a447a0aab29e.xml
2018-04-06 14:03:37.867 [main] DEBUG my.project.musicbrainz.XMLProvider - Got file c:\MusicBrainzCache\recording-d4fab0de-ad1d-4e25-9229-38fcb883796b.xml
2018-04-06 14:03:37.868 [main] DEBUG my.project.musicbrainz.XMLProvider - Got file c:\MusicBrainzCache\work-58d966e9-4af4-36ee-b9d1-a4a3f4696d15.xml
2018-04-06 14:03:37.869 [main] DEBUG my.project.musicbrainz.XMLProvider - Got file c:\MusicBrainzCache\recording-5d4d4603-a8b4-43d4-a690-dde39277028a.xml
2018-04-06 14:03:37.871 [main] DEBUG my.project.musicbrainz.XMLProvider - Got file c:\MusicBrainzCache\work-11f1af3a-cef5-307e-a530-f78d857f265d.xml
2018-04-06 14:03:37.872 [main] DEBUG my.project.musicbrainz.XMLProvider - Got file c:\MusicBrainzCache\recording-8499a7dd-96c3-47f1-9b06-b4b4e53f6aa4.xml
2018-04-06 14:03:37.873 [main] DEBUG my.project.musicbrainz.XMLProvider - Got file c:\MusicBrainzCache\work-6aaac4ba-8c70-3b51-815d-20754063e2ea.xml
2018-04-06 14:03:37.875 [main] DEBUG my.project.musicbrainz.XMLProvider - Got file c:\MusicBrainzCache\recording-c71cf7b5-65ac-49b3-bb2f-9d6a541a59b9.xml
2018-04-06 14:03:37.876 [main] DEBUG my.project.musicbrainz.XMLProvider - Got file c:\MusicBrainzCache\work-07566a5b-f584-3110-8273-d99318ea2bfe.xml
2018-04-06 14:03:37.878 [main] DEBUG my.project.musicbrainz.XMLProvider - Got file c:\MusicBrainzCache\recording-5fc962ea-d92c-46e2-8b24-603b3f1c801c.xml
2018-04-06 14:03:37.879 [main] DEBUG my.project.musicbrainz.XMLProvider - Got file c:\MusicBrainzCache\work-4f525a35-05a8-3d75-af59-748fe6911de6.xml
2018-04-06 14:03:37.881 [main] DEBUG my.project.musicbrainz.XMLProvider - Got file c:\MusicBrainzCache\recording-a2a5dba4-a1de-4984-a49c-404f7da9bf5e.xml
2018-04-06 14:03:37.883 [main] DEBUG my.project.musicbrainz.XMLProvider - Got file c:\MusicBrainzCache\work-8c515aee-f24e-32fa-baf7-b1ded5ef3e70.xml
2018-04-06 14:03:37.884 [main] DEBUG my.project.musicbrainz.XMLProvider - Got file c:\MusicBrainzCache\recording-6c1499f9-d4d2-443c-abc8-fe1d0baa27ab.xml
2018-04-06 14:03:37.885 [main] DEBUG my.project.musicbrainz.XMLProvider - Got file c:\MusicBrainzCache\work-32ddffd9-81bf-392b-9ef2-8aa050e0df76.xml
2018-04-06 14:03:37.886 [main] DEBUG my.project.musicbrainz.XMLProvider - Got file c:\MusicBrainzCache\recording-b649377d-0494-4704-9882-ae4bdf6b6d51.xml
2018-04-06 14:03:37.888 [main] DEBUG my.project.musicbrainz.XMLProvider - Got file c:\MusicBrainzCache\work-f25b53ba-b06e-39fb-890c-6ddb3c7c650c.xml
2018-04-06 14:03:37.889 [main] DEBUG my.project.musicbrainz.XMLProvider - Got file c:\MusicBrainzCache\recording-a2e6f652-7a2c-46b4-be0e-8e675f0b3bc2.xml
2018-04-06 14:03:37.891 [main] DEBUG my.project.musicbrainz.XMLProvider - Got file c:\MusicBrainzCache\work-049deb96-94d8-3e13-a598-16932a22fbba.xml
2018-04-06 14:03:37.892 [main] DEBUG my.project.musicbrainz.XMLProvider - Got file c:\MusicBrainzCache\recording-4c1ca237-8671-4d53-bce5-f6a491725ff6.xml
2018-04-06 14:03:37.893 [main] DEBUG my.project.musicbrainz.XMLProvider - Got file c:\MusicBrainzCache\work-86c8e356-d460-3ddb-a448-5918cd3cd764.xml
2018-04-06 14:03:37.894 [main] DEBUG my.project.musicbrainz.XMLProvider - Got file c:\MusicBrainzCache\recording-cf44d3c6-76bf-4281-bbd7-e77693d2a279.xml
2018-04-06 14:03:37.896 [main] DEBUG my.project.musicbrainz.XMLProvider - Got file c:\MusicBrainzCache\work-4e8527ba-caa3-3162-9f52-8028570d5f28.xml
2018-04-06 14:03:37.898 [main] DEBUG my.project.musicbrainz.XMLProvider - Got file c:\MusicBrainzCache\recording-4cdc43ad-2007-4ea8-88d9-7a673a51f4e1.xml
2018-04-06 14:03:37.899 [main] DEBUG my.project.musicbrainz.XMLProvider - Got file c:\MusicBrainzCache\work-62f79f13-47d6-3715-aa73-aae931662b9c.xml
2018-04-06 14:03:37.900 [main] DEBUG my.project.musicbrainz.XMLProvider - Got file c:\MusicBrainzCache\recording-89714767-cf7f-4549-a44c-47652102b35b.xml
2018-04-06 14:03:37.901 [main] DEBUG my.project.musicbrainz.XMLProvider - Got file c:\MusicBrainzCache\work-1160cb77-3297-332c-8eb9-74b78b616eb2.xml
2018-04-06 14:03:37.902 [main] DEBUG my.project.musicbrainz.XMLProvider - Got file c:\MusicBrainzCache\recording-f401a563-4199-4bf8-8769-5bc89c194330.xml
2018-04-06 14:03:37.903 [main] DEBUG my.project.musicbrainz.XMLProvider - Got file c:\MusicBrainzCache\work-95717b5c-c86a-307d-819e-0850d032a797.xml
2018-04-06 14:03:37.905 [main] DEBUG my.project.musicbrainz.XMLProvider - Got file c:\MusicBrainzCache\recording-99daa56a-4a79-4284-bb65-a6cb0e713834.xml
2018-04-06 14:03:37.906 [main] DEBUG my.project.musicbrainz.XMLProvider - Got file c:\MusicBrainzCache\artist-5f92768f-3d0b-4e27-baac-c4bbb58fe843.xml
2018-04-06 14:03:37.907 [main] DEBUG my.project.musicbrainz.XMLProvider - Got file c:\MusicBrainzCache\artist-9b110b2a-a193-437b-89f5-8dc325a77b61.xml
2018-04-06 14:03:37.907 [main] DEBUG my.project.musicbrainz.XMLProvider - Got file c:\MusicBrainzCache\work-d092f540-fadb-34ac-9952-246eaa8f6164.xml
2018-04-06 14:03:37.909 [main] DEBUG my.project.musicbrainz.XMLProvider - Got file c:\MusicBrainzCache\recording-7f76dc1e-58ed-494a-81d0-07ed9f6e6558.xml
2018-04-06 14:03:37.910 [main] DEBUG my.project.musicbrainz.XMLProvider - Got file c:\MusicBrainzCache\work-32f22dec-3b01-3335-9ea4-48da5949c854.xml
2018-04-06 14:03:37.912 [main] DEBUG my.project.musicbrainz.XMLProvider - Got file c:\MusicBrainzCache\recording-3a5b7259-9a92-4611-8482-140bb0868aa3.xml
2018-04-06 14:03:37.913 [main] DEBUG my.project.musicbrainz.XMLProvider - Got file c:\MusicBrainzCache\work-bbde0679-0fb0-3d7d-86f8-f3498932949f.xml
2018-04-06 14:03:37.915 [main] DEBUG my.project.musicbrainz.XMLProvider - Got file c:\MusicBrainzCache\recording-ba77e545-14d4-4748-9984-f494f84fc94a.xml
2018-04-06 14:03:37.916 [main] DEBUG my.project.musicbrainz.XMLProvider - Got file c:\MusicBrainzCache\work-f5d3e320-47ed-3c78-b8ed-51cc153d692a.xml
2018-04-06 14:03:37.917 [main] DEBUG my.project.musicbrainz.XMLProvider - Got file c:\MusicBrainzCache\recording-0901a543-504d-4c8e-903a-e9856fe8c790.xml
2018-04-06 14:03:37.919 [main] DEBUG my.project.musicbrainz.XMLProvider - Got file c:\MusicBrainzCache\work-8bdf5c1c-1ec3-3259-8143-c64780f3fd67.xml
2018-04-06 14:03:37.921 [main] DEBUG my.project.musicbrainz.XMLProvider - Got file c:\MusicBrainzCache\recording-980d4e4b-a6e0-4b1f-a3b0-883964854ec3.xml
2018-04-06 14:03:37.922 [main] DEBUG my.project.musicbrainz.XMLProvider - Got file c:\MusicBrainzCache\work-9eded82a-e275-34b0-a39d-b4761a586bbb.xml
2018-04-06 14:03:37.923 [main] DEBUG my.project.musicbrainz.XMLProvider - Got file c:\MusicBrainzCache\recording-f7694205-d50e-4411-86ec-ff1a4327e5ad.xml
2018-04-06 14:03:37.924 [main] DEBUG my.project.musicbrainz.XMLProvider - Got file c:\MusicBrainzCache\work-c64e2982-1164-3be3-8423-abac3f294b23.xml
2018-04-06 14:03:37.926 [main] DEBUG my.project.musicbrainz.XMLProvider - Got file c:\MusicBrainzCache\recording-2f65082c-1514-481e-8497-1d26e474a43a.xml
2018-04-06 14:03:37.927 [main] DEBUG my.project.musicbrainz.XMLProvider - Got file c:\MusicBrainzCache\work-95201e70-2a38-30a1-9458-606ad7cff459.xml
2018-04-06 14:03:37.928 [main] DEBUG my.project.musicbrainz.XMLProvider - Got file c:\MusicBrainzCache\recording-7f32744b-7490-4332-8cf8-3d582c56e965.xml
2018-04-06 14:03:37.930 [main] DEBUG my.project.musicbrainz.XMLProvider - Got file c:\MusicBrainzCache\artist-0db9b330-762e-4753-babe-5b30404ef634.xml
2018-04-06 14:03:37.931 [main] DEBUG my.project.musicbrainz.XMLProvider - Got file c:\MusicBrainzCache\artist-3e6d8b00-8e6a-42ef-93c3-3c8e57c4e91c.xml
2018-04-06 14:03:37.931 [main] DEBUG my.project.musicbrainz.XMLProvider - Got file c:\MusicBrainzCache\artist-c7fe1c5d-8958-4d1e-91c0-098a80e0e21a.xml
2018-04-06 14:03:37.932 [main] DEBUG my.project.musicbrainz.XMLProvider - Got file c:\MusicBrainzCache\work-683d6bd2-ffcc-353c-b49f-cea884f6ce48.xml
2018-04-06 14:03:37.933 [main] DEBUG my.project.musicbrainz.XMLProvider - Got file c:\MusicBrainzCache\recording-36123cf4-0f29-459f-85b1-447006d4f57e.xml
2018-04-06 14:03:37.935 [main] DEBUG my.project.musicbrainz.XMLProvider - Got file c:\MusicBrainzCache\work-b20573a1-af85-3ba9-a445-9884513f87bd.xml
2018-04-06 14:03:37.936 [main] DEBUG my.project.musicbrainz.XMLProvider - Got file c:\MusicBrainzCache\recording-38a55c1e-47ed-414d-9434-b1590ca6ab0f.xml
2018-04-06 14:03:37.938 [main] DEBUG my.project.musicbrainz.XMLProvider - Got file c:\MusicBrainzCache\work-dfd88e14-2dea-36c7-aa59-507b5b8de978.xml
2018-04-06 14:03:37.939 [main] DEBUG my.project.musicbrainz.XMLProvider - Got file c:\MusicBrainzCache\recording-ff6f3c9c-d0c1-485b-92bd-db5a39bff41a.xml
2018-04-06 14:03:37.941 [main] DEBUG my.project.musicbrainz.XMLProvider - Got file c:\MusicBrainzCache\work-5f425cc9-d3ac-32c3-8b15-81e01ea9f77e.xml
2018-04-06 14:03:37.942 [main] DEBUG my.project.musicbrainz.XMLProvider - Got file c:\MusicBrainzCache\recording-08db3d23-3961-436a-a94b-f502a49622e6.xml
2018-04-06 14:03:37.944 [main] DEBUG my.project.musicbrainz.XMLProvider - Got file c:\MusicBrainzCache\work-03333ce7-5d1d-37d1-b10a-4b3a7adeccd9.xml
2018-04-06 14:03:37.946 [main] DEBUG my.project.musicbrainz.XMLProvider - Got file c:\MusicBrainzCache\recording-c8b20b6e-be48-4640-983d-c5092be3b4a3.xml
2018-04-06 14:03:37.947 [main] DEBUG my.project.musicbrainz.XMLProvider - Got file c:\MusicBrainzCache\work-9aa524b0-109d-32b9-8ec9-633f84c875bf.xml
2018-04-06 14:03:37.949 [main] DEBUG my.project.musicbrainz.XMLProvider - Got file c:\MusicBrainzCache\recording-509e9f27-0a2a-45f0-87a5-3322fd8f4744.xml
2018-04-06 14:03:37.950 [main] DEBUG my.project.musicbrainz.XMLProvider - Got file c:\MusicBrainzCache\work-1e6b6aeb-ab28-36f4-8f6c-c6b6b7dcc400.xml
2018-04-06 14:03:37.952 [main] DEBUG my.project.musicbrainz.XMLProvider - Got file c:\MusicBrainzCache\recording-ff7d3a4d-eeb5-46d3-a987-5c0170e2ebbc.xml
2018-04-06 14:03:37.953 [main] DEBUG my.project.musicbrainz.XMLProvider - Got file c:\MusicBrainzCache\work-3a5dd09c-3437-3ab5-911f-f6431d382896.xml
2018-04-06 14:03:37.954 [main] DEBUG my.project.musicbrainz.XMLProvider - Got file c:\MusicBrainzCache\recording-2f3f305a-d67b-481c-a69b-8fb81be9cecd.xml
2018-04-06 14:03:37.955 [main] DEBUG my.project.musicbrainz.XMLProvider - Got file c:\MusicBrainzCache\work-5c7966bd-e4f8-3e20-8604-d86f66006a14.xml
2018-04-06 14:03:37.957 [main] DEBUG my.project.musicbrainz.XMLProvider - Got file c:\MusicBrainzCache\recording-7ab8ec8e-d166-4588-8db3-7fb5a4ce021f.xml
2018-04-06 14:03:37.958 [main] DEBUG my.project.musicbrainz.XMLProvider - Got file c:\MusicBrainzCache\work-75518c11-254f-39e9-a7ee-e75ce9e1d9e0.xml
2018-04-06 14:03:37.959 [main] DEBUG my.project.musicbrainz.XMLProvider - Got file c:\MusicBrainzCache\recording-d908ff19-50df-4ffd-bf35-a7fdba827352.xml
2018-04-06 14:03:37.961 [main] DEBUG my.project.musicbrainz.XMLProvider - Got file c:\MusicBrainzCache\work-7b24aa2f-5644-384b-b3e4-40128490174d.xml
2018-04-06 14:03:37.964 [main] DEBUG my.project.musicbrainz.XMLProvider - Got file c:\MusicBrainzCache\recording-5fbb9793-df8b-4109-9721-2c99f07c4cf9.xml
2018-04-06 14:03:37.965 [main] DEBUG my.project.musicbrainz.XMLProvider - Got file c:\MusicBrainzCache\work-cb4ef8d5-a1e3-3e49-a5eb-6c712ce3d777.xml
2018-04-06 14:03:37.967 [main] DEBUG my.project.musicbrainz.MB2mp3tag - Output:
2018-04-06 14:03:38.013 [main] DEBUG my.project.musicbrainz.MB2mp3tag - 1|9|Piano Concertos||1|10|Concerto for Piano No. 5 in D major, K. 175: I. Allegro|Wolfgang Amadeus Mozart|András Schiff (piano), Camerata Salzburg, Sándor Végh (conductor)||Decca Records|recorded by András Schiff (piano), Camerata Salzburg, Sándor Végh (conductor) in 1990-05, composed by Wolfgang Amadeus Mozart (1756-01-27 - 1791-12-05, Austria)|https://musicbrainz.org/track/8f1c372b-ad43-3503-8243-ceece003efa6
2018-04-06 14:03:38.014 [main] DEBUG my.project.musicbrainz.MB2mp3tag - 1|9|Piano Concertos||2|10|Concerto for Piano No. 5 in D major, K. 175: II. Andante ma un poco adagio|Wolfgang Amadeus Mozart|András Schiff (piano), Camerata Salzburg, Sándor Végh (conductor)||Decca Records|recorded by András Schiff (piano), Camerata Salzburg, Sándor Végh (conductor) in 1990-05, composed by Wolfgang Amadeus Mozart (1756-01-27 - 1791-12-05, Austria)|https://musicbrainz.org/track/d28c5f28-fe05-37d7-bf43-156a5d3f4265
2018-04-06 14:03:38.014 [main] DEBUG my.project.musicbrainz.MB2mp3tag - 1|9|Piano Concertos||3|10|Concerto for Piano No. 5 in D major, K. 175: III. Allegro|Wolfgang Amadeus Mozart|András Schiff (piano), Camerata Salzburg, Sándor Végh (conductor)||Decca Records|recorded by András Schiff (piano), Camerata Salzburg, Sándor Végh (conductor) in 1990-05, composed by Wolfgang Amadeus Mozart (1756-01-27 - 1791-12-05, Austria)|https://musicbrainz.org/track/d179cd34-e073-3167-977e-40afa7ee4c30
2018-04-06 14:03:38.014 [main] DEBUG my.project.musicbrainz.MB2mp3tag - 1|9|Piano Concertos||4|10|Rondo in D major, K. 382|Wolfgang Amadeus Mozart|András Schiff (piano), Camerata Salzburg, Sándor Végh (conductor)||Decca Records|recorded by András Schiff (piano), Camerata Salzburg, Sándor Végh (conductor) in 1990-05, composed by Wolfgang Amadeus Mozart (1756-01-27 - 1791-12-05, Austria)|https://musicbrainz.org/track/77e91556-cac2-3e23-bb9f-891c4bae52b8
2018-04-06 14:03:38.014 [main] DEBUG my.project.musicbrainz.MB2mp3tag - 1|9|Piano Concertos||5|10|Concerto for Piano No. 6 in B flat major, K. 238: I. Allegro aperto|Wolfgang Amadeus Mozart|András Schiff (piano), Camerata Salzburg, Sándor Végh (conductor)|1776-01|Decca Records|recorded by András Schiff (piano), Camerata Salzburg, Sándor Végh (conductor) in 1990-05, composed by Wolfgang Amadeus Mozart (1756-01-27 - 1791-12-05, Austria) in 1776-01|https://musicbrainz.org/track/4359c026-ed75-3d5d-b37f-69d2476cbd4a
2018-04-06 14:03:38.014 [main] DEBUG my.project.musicbrainz.MB2mp3tag - 1|9|Piano Concertos||6|10|Concerto for Piano No. 6 in B flat major, K. 238: II. Andante un poco adagio|Wolfgang Amadeus Mozart|András Schiff (piano), Camerata Salzburg, Sándor Végh (conductor)|1776-01|Decca Records|recorded by András Schiff (piano), Camerata Salzburg, Sándor Végh (conductor) in 1990-05, composed by Wolfgang Amadeus Mozart (1756-01-27 - 1791-12-05, Austria) in 1776-01|https://musicbrainz.org/track/e095b06f-3954-3765-a6d0-5e6619dfbc0f
2018-04-06 14:03:38.014 [main] DEBUG my.project.musicbrainz.MB2mp3tag - 1|9|Piano Concertos||7|10|Concerto for Piano No. 6 in B flat major, K. 238: III. Rondeau: Allegro|Wolfgang Amadeus Mozart|András Schiff (piano), Camerata Salzburg, Sándor Végh (conductor)|1776-01|Decca Records|recorded by András Schiff (piano), Camerata Salzburg, Sándor Végh (conductor) in 1990-05, composed by Wolfgang Amadeus Mozart (1756-01-27 - 1791-12-05, Austria) in 1776-01|https://musicbrainz.org/track/f70a58df-0e54-34c0-a9ed-a75e992e33e7
2018-04-06 14:03:38.014 [main] DEBUG my.project.musicbrainz.MB2mp3tag - 1|9|Piano Concertos||8|10|Concerto for Piano No. 8 in C major, K. 246: I. Allegro aperto|Wolfgang Amadeus Mozart|András Schiff (piano), Camerata Salzburg, Sándor Végh (conductor)|1776-04|Decca Records|recorded by András Schiff (piano), Camerata Salzburg, Sándor Végh (conductor) in 1990-08, composed by Wolfgang Amadeus Mozart (1756-01-27 - 1791-12-05, Austria) in 1776-04|https://musicbrainz.org/track/9cf4befa-63ba-33ef-baab-0faad4b9c873
2018-04-06 14:03:38.014 [main] DEBUG my.project.musicbrainz.MB2mp3tag - 1|9|Piano Concertos||9|10|Concerto for Piano No. 8 in C major, K. 246: II. Andante|Wolfgang Amadeus Mozart|András Schiff (piano), Camerata Salzburg, Sándor Végh (conductor)|1776-04|Decca Records|recorded by András Schiff (piano), Camerata Salzburg, Sándor Végh (conductor) in 1990-08, composed by Wolfgang Amadeus Mozart (1756-01-27 - 1791-12-05, Austria) in 1776-04|https://musicbrainz.org/track/2e4b74cf-1fae-3beb-8181-9a81291d79a1
2018-04-06 14:03:38.014 [main] DEBUG my.project.musicbrainz.MB2mp3tag - 1|9|Piano Concertos||10|10|Concerto for Piano No. 8 in C major, K. 246: III. Rondeau: Tempo di menuetto|Wolfgang Amadeus Mozart|András Schiff (piano), Camerata Salzburg, Sándor Végh (conductor)|1776-04|Decca Records|recorded by András Schiff (piano), Camerata Salzburg, Sándor Végh (conductor) in 1990-08, composed by Wolfgang Amadeus Mozart (1756-01-27 - 1791-12-05, Austria) in 1776-04|https://musicbrainz.org/track/b0c93506-a111-387e-9280-7af56184f27b
2018-04-06 14:03:38.014 [main] DEBUG my.project.musicbrainz.MB2mp3tag - 2|9|Piano Concertos||1|6|Concerto for Piano No. 9 in E-flat major, K. 271 "Jeunehomme": I. Allegro|Wolfgang Amadeus Mozart|András Schiff (piano), Camerata Salzburg, Sándor Végh (conductor)|1777|Decca Records|recorded by András Schiff (piano), Camerata Salzburg, Sándor Végh (conductor) in 1988-08, composed by Wolfgang Amadeus Mozart (1756-01-27 - 1791-12-05, Austria) in 1777|https://musicbrainz.org/track/e2eed65a-8226-37e1-99af-0b9c8c3455cc
2018-04-06 14:03:38.014 [main] DEBUG my.project.musicbrainz.MB2mp3tag - 2|9|Piano Concertos||2|6|Concerto for Piano No. 9 in E-flat major, K. 271 "Jeunehomme": II. Andantino|Wolfgang Amadeus Mozart|András Schiff (piano), Camerata Salzburg, Sándor Végh (conductor)|1777|Decca Records|recorded by András Schiff (piano), Camerata Salzburg, Sándor Végh (conductor) in 1988-08, composed by Wolfgang Amadeus Mozart (1756-01-27 - 1791-12-05, Austria) in 1777|https://musicbrainz.org/track/e0e2938e-ab6e-38e1-978f-6a4abd4d9a25
2018-04-06 14:03:38.015 [main] DEBUG my.project.musicbrainz.MB2mp3tag - 2|9|Piano Concertos||3|6|Concerto for Piano No. 9 in E-flat major, K. 271 "Jeunehomme": III. Rondeau. Presto - adagio & Menuetto. Cantabile - tempo primo|Wolfgang Amadeus Mozart|András Schiff (piano), Camerata Salzburg, Sándor Végh (conductor)|1777|Decca Records|recorded by András Schiff (piano), Camerata Salzburg, Sándor Végh (conductor) in 1988-08, composed by Wolfgang Amadeus Mozart (1756-01-27 - 1791-12-05, Austria) in 1777|https://musicbrainz.org/track/d2c0d4e1-7b05-3c2e-b6d9-0f080536dfdb
2018-04-06 14:03:38.015 [main] DEBUG my.project.musicbrainz.MB2mp3tag - 2|9|Piano Concertos||4|6|Concerto No. 17 in G major for Piano, K. 453 "Second Ployer": I. Allegro|Wolfgang Amadeus Mozart|András Schiff (piano), Camerata Salzburg, Sándor Végh (conductor)|1784|Decca Records|recorded by András Schiff (piano), Camerata Salzburg, Sándor Végh (conductor) in 1984-06, composed by Wolfgang Amadeus Mozart (1756-01-27 - 1791-12-05, Austria) in 1784|https://musicbrainz.org/track/f50cc92f-189a-3b53-8d80-041d43fab2c8
2018-04-06 14:03:38.015 [main] DEBUG my.project.musicbrainz.MB2mp3tag - 2|9|Piano Concertos||5|6|Concerto No. 17 in G major for Piano, K. 453 "Second Ployer": II. Andante|Wolfgang Amadeus Mozart|András Schiff (piano), Camerata Salzburg, Sándor Végh (conductor)|1784|Decca Records|recorded by András Schiff (piano), Camerata Salzburg, Sándor Végh (conductor) in 1984-06, composed by Wolfgang Amadeus Mozart (1756-01-27 - 1791-12-05, Austria) in 1784|https://musicbrainz.org/track/d11c4482-8cbc-30be-933e-c7a9f305ca3a
2018-04-06 14:03:38.015 [main] DEBUG my.project.musicbrainz.MB2mp3tag - 2|9|Piano Concertos||6|6|Concerto No. 17 in G major for Piano, K. 453 "Second Ployer": III. Allegretto & Finale. Presto|Wolfgang Amadeus Mozart|András Schiff (piano), Camerata Salzburg, Sándor Végh (conductor)|1784|Decca Records|recorded by András Schiff (piano), Camerata Salzburg, Sándor Végh (conductor) in 1984-06, composed by Wolfgang Amadeus Mozart (1756-01-27 - 1791-12-05, Austria) in 1784|https://musicbrainz.org/track/92e630a8-79a1-321f-ab46-369fcb888375
2018-04-06 14:03:38.015 [main] DEBUG my.project.musicbrainz.MB2mp3tag - 3|9|Piano Concertos||1|9|Concerto for Piano No. 11 in F major, K. 413: I. Allegro|Wolfgang Amadeus Mozart|András Schiff (piano), Camerata Salzburg, Sándor Végh (conductor)|1782|Decca Records|recorded by András Schiff (piano), Camerata Salzburg, Sándor Végh (conductor) in 1990-08, composed by Wolfgang Amadeus Mozart (1756-01-27 - 1791-12-05, Austria) in 1782|https://musicbrainz.org/track/b636e382-bdbb-3d10-87c0-372a5d627124
2018-04-06 14:03:38.015 [main] DEBUG my.project.musicbrainz.MB2mp3tag - 3|9|Piano Concertos||2|9|Concerto for Piano No. 11 in F major, K. 413: II. Larghetto|Wolfgang Amadeus Mozart|András Schiff (piano), Camerata Salzburg, Sándor Végh (conductor)|1782|Decca Records|recorded by András Schiff (piano), Camerata Salzburg, Sándor Végh (conductor) in 1990-08, composed by Wolfgang Amadeus Mozart (1756-01-27 - 1791-12-05, Austria) in 1782|https://musicbrainz.org/track/f0c35f6b-58bc-38c2-87ca-8f405eefe7a3
2018-04-06 14:03:38.015 [main] DEBUG my.project.musicbrainz.MB2mp3tag - 3|9|Piano Concertos||3|9|Concerto for Piano No. 11 in F major, K. 413: III. Tempo di menuetto|Wolfgang Amadeus Mozart|András Schiff (piano), Camerata Salzburg, Sándor Végh (conductor)|1782|Decca Records|recorded by András Schiff (piano), Camerata Salzburg, Sándor Végh (conductor) in 1990-08, composed by Wolfgang Amadeus Mozart (1756-01-27 - 1791-12-05, Austria) in 1782|https://musicbrainz.org/track/f121717e-9d94-398e-919d-9094e5984da7
2018-04-06 14:03:38.015 [main] DEBUG my.project.musicbrainz.MB2mp3tag - 3|9|Piano Concertos||4|9|Concerto for Piano No. 12 in A major, K. 414: I. Allegro|Wolfgang Amadeus Mozart|András Schiff (piano), Camerata Salzburg, Sándor Végh (conductor)|1782|Decca Records|recorded by András Schiff (piano), Camerata Salzburg, Sándor Végh (conductor), composed by Wolfgang Amadeus Mozart (1756-01-27 - 1791-12-05, Austria) in 1782|https://musicbrainz.org/track/08a9e09c-35fb-30e4-8b2c-49318b24148f
2018-04-06 14:03:38.015 [main] DEBUG my.project.musicbrainz.MB2mp3tag - 3|9|Piano Concertos||5|9|Concerto for Piano No. 12 in A major, K. 414: II. Andante|Wolfgang Amadeus Mozart|András Schiff (piano), Camerata Salzburg, Sándor Végh (conductor)|1782|Decca Records|recorded by András Schiff (piano), Camerata Salzburg, Sándor Végh (conductor), composed by Wolfgang Amadeus Mozart (1756-01-27 - 1791-12-05, Austria) in 1782|https://musicbrainz.org/track/479ce464-f37e-3cdb-9b49-368506e79d26
2018-04-06 14:03:38.015 [main] DEBUG my.project.musicbrainz.MB2mp3tag - 3|9|Piano Concertos||6|9|Concerto for Piano No. 12 in A major, K. 414: III. Rondeau: Allegretto|Wolfgang Amadeus Mozart|András Schiff (piano), Camerata Salzburg, Sándor Végh (conductor)|1782|Decca Records|recorded by András Schiff (piano), Camerata Salzburg, Sándor Végh (conductor), composed by Wolfgang Amadeus Mozart (1756-01-27 - 1791-12-05, Austria) in 1782|https://musicbrainz.org/track/30791db4-4899-3b3c-9913-170e0db44518
2018-04-06 14:03:38.015 [main] DEBUG my.project.musicbrainz.MB2mp3tag - 3|9|Piano Concertos||7|9|Concerto for Piano No. 13 in C major, K. 415: I. Allegro|Wolfgang Amadeus Mozart|András Schiff (piano), Camerata Salzburg, Sándor Végh (conductor)|1782|Decca Records|recorded by András Schiff (piano), Camerata Salzburg, Sándor Végh (conductor) in 1988-08, composed by Wolfgang Amadeus Mozart (1756-01-27 - 1791-12-05, Austria) in 1782|https://musicbrainz.org/track/25428d2d-3e2c-3ad2-afbe-d63ce90321c0
2018-04-06 14:03:38.016 [main] DEBUG my.project.musicbrainz.MB2mp3tag - 3|9|Piano Concertos||8|9|Concerto for Piano No. 13 in C major, K. 415: II. Andante|Wolfgang Amadeus Mozart|András Schiff (piano), Camerata Salzburg, Sándor Végh (conductor)|1782|Decca Records|recorded by András Schiff (piano), Camerata Salzburg, Sándor Végh (conductor) in 1988-08, composed by Wolfgang Amadeus Mozart (1756-01-27 - 1791-12-05, Austria) in 1782|https://musicbrainz.org/track/449db862-6bf8-3daa-adae-436153382245
2018-04-06 14:03:38.016 [main] DEBUG my.project.musicbrainz.MB2mp3tag - 3|9|Piano Concertos||9|9|Concerto for Piano No. 13 in C major, K. 415: III. Rondeau: Allegro|Wolfgang Amadeus Mozart|András Schiff (piano), Camerata Salzburg, Sándor Végh (conductor)|1782|Decca Records|recorded by András Schiff (piano), Camerata Salzburg, Sándor Végh (conductor) in 1988-08, composed by Wolfgang Amadeus Mozart (1756-01-27 - 1791-12-05, Austria) in 1782|https://musicbrainz.org/track/e33d1146-c140-30fb-89f0-2199b4140833
2018-04-06 14:03:38.016 [main] DEBUG my.project.musicbrainz.MB2mp3tag - 4|9|Piano Concertos||1|9|Concerto No. 14 in E-flat major for Piano, K. 449 "First Ployer": I. Allegro vivace|Wolfgang Amadeus Mozart|András Schiff (piano), Camerata Salzburg, Sándor Végh (conductor)|1784|Decca Records|recorded by András Schiff (piano), Camerata Salzburg, Sándor Végh (conductor), composed by Wolfgang Amadeus Mozart (1756-01-27 - 1791-12-05, Austria) in 1784|https://musicbrainz.org/track/f9877477-31f8-313b-866a-8746d95ad6fb
2018-04-06 14:03:38.016 [main] DEBUG my.project.musicbrainz.MB2mp3tag - 4|9|Piano Concertos||2|9|Concerto No. 14 in E-flat major for Piano, K. 449 "First Ployer": II. Andantino|Wolfgang Amadeus Mozart|András Schiff (piano), Camerata Salzburg, Sándor Végh (conductor)|1784|Decca Records|recorded by András Schiff (piano), Camerata Salzburg, Sándor Végh (conductor), composed by Wolfgang Amadeus Mozart (1756-01-27 - 1791-12-05, Austria) in 1784|https://musicbrainz.org/track/5b502772-4f40-3675-b1d2-8ec0d9d1e3c0
2018-04-06 14:03:38.016 [main] DEBUG my.project.musicbrainz.MB2mp3tag - 4|9|Piano Concertos||3|9|Concerto No. 14 in E-flat major for Piano, K. 449 "First Ployer": III. Allegro ma non troppo|Wolfgang Amadeus Mozart|András Schiff (piano), Camerata Salzburg, Sándor Végh (conductor)|1784|Decca Records|recorded by András Schiff (piano), Camerata Salzburg, Sándor Végh (conductor), composed by Wolfgang Amadeus Mozart (1756-01-27 - 1791-12-05, Austria) in 1784|https://musicbrainz.org/track/79822b58-9a2d-327a-ad29-175c138ad198
2018-04-06 14:03:38.016 [main] DEBUG my.project.musicbrainz.MB2mp3tag - 4|9|Piano Concertos||4|9|Piano Concerto No. 15 in B flat major, KV 450: I. Allegro|Wolfgang Amadeus Mozart|András Schiff (piano), Camerata Salzburg, Sándor Végh (conductor)|1784|Decca Records|recorded by András Schiff (piano), Camerata Salzburg, Sándor Végh (conductor) in 1990-11, composed by Wolfgang Amadeus Mozart (1756-01-27 - 1791-12-05, Austria) in 1784|https://musicbrainz.org/track/01d2ed23-aa9a-317a-a15c-310d46c0254a
2018-04-06 14:03:38.016 [main] DEBUG my.project.musicbrainz.MB2mp3tag - 4|9|Piano Concertos||5|9|Concerto No. 15 in B-flat major for Piano, K. 450: II. Adagio|Wolfgang Amadeus Mozart|András Schiff (piano), Camerata Salzburg, Sándor Végh (conductor)|1784|Decca Records|recorded by András Schiff (piano), Camerata Salzburg, Sándor Végh (conductor) in 1990-11, composed by Wolfgang Amadeus Mozart (1756-01-27 - 1791-12-05, Austria) in 1784|https://musicbrainz.org/track/1458dcc0-2cb8-3ac4-b8df-2c20e15478cd
2018-04-06 14:03:38.016 [main] DEBUG my.project.musicbrainz.MB2mp3tag - 4|9|Piano Concertos||6|9|Concerto No. 15 in B-flat major for Piano, K. 450: III. Allegro assai|Wolfgang Amadeus Mozart|András Schiff (piano), Camerata Salzburg, Sándor Végh (conductor)|1784|Decca Records|recorded by András Schiff (piano), Camerata Salzburg, Sándor Végh (conductor) in 1990-11, composed by Wolfgang Amadeus Mozart (1756-01-27 - 1791-12-05, Austria) in 1784|https://musicbrainz.org/track/63b31beb-b9bb-3fdd-8f45-26711ce339cd
2018-04-06 14:03:38.016 [main] DEBUG my.project.musicbrainz.MB2mp3tag - 4|9|Piano Concertos||7|9|Concerto no. 16 in D major for Piano, K. 451: I. Allegro assai|Wolfgang Amadeus Mozart|András Schiff (piano), Camerata Salzburg, Sándor Végh (conductor)|1784|Decca Records|recorded by András Schiff (piano), Camerata Salzburg, Sándor Végh (conductor) in 1990-11, composed by Wolfgang Amadeus Mozart (1756-01-27 - 1791-12-05, Austria) in 1784|https://musicbrainz.org/track/d39c59ee-ddcf-3649-a3c2-2171ddadfa9c
2018-04-06 14:03:38.016 [main] DEBUG my.project.musicbrainz.MB2mp3tag - 4|9|Piano Concertos||8|9|Concerto no. 16 in D major for Piano, K. 451: II. Andante|Wolfgang Amadeus Mozart|András Schiff (piano), Camerata Salzburg, Sándor Végh (conductor)|1784|Decca Records|recorded by András Schiff (piano), Camerata Salzburg, Sándor Végh (conductor) in 1990-11, composed by Wolfgang Amadeus Mozart (1756-01-27 - 1791-12-05, Austria) in 1784|https://musicbrainz.org/track/b60c9061-f9b3-3ffc-9ebb-e1404f1596be
2018-04-06 14:03:38.016 [main] DEBUG my.project.musicbrainz.MB2mp3tag - 4|9|Piano Concertos||9|9|Concerto no. 16 in D major for Piano, K. 451: III. Rondo. Allegro di molto|Wolfgang Amadeus Mozart|András Schiff (piano), Camerata Salzburg, Sándor Végh (conductor)|1784|Decca Records|recorded by András Schiff (piano), Camerata Salzburg, Sándor Végh (conductor) in 1990-11, composed by Wolfgang Amadeus Mozart (1756-01-27 - 1791-12-05, Austria) in 1784|https://musicbrainz.org/track/161ce562-5b91-3d1a-a97f-92e37582dcdb
2018-04-06 14:03:38.017 [main] DEBUG my.project.musicbrainz.MB2mp3tag - 5|9|Piano Concertos||1|7|Concerto No. 18 in B-flat major for Piano, K. 456 "Paradis": I. Allegro vivace|Wolfgang Amadeus Mozart|András Schiff (piano), Camerata Salzburg, Sándor Végh (conductor)|1784|Decca Records|recorded by András Schiff (piano), Camerata Salzburg, Sándor Végh (conductor) in 1984-06, composed by Wolfgang Amadeus Mozart (1756-01-27 - 1791-12-05, Austria) in 1784|https://musicbrainz.org/track/9285bfa0-b243-35fb-9f08-e4602fab7341
2018-04-06 14:03:38.017 [main] DEBUG my.project.musicbrainz.MB2mp3tag - 5|9|Piano Concertos||2|7|Concerto No. 18 in B-flat major for Piano, K. 456 "Paradis": II. Andante un poco sostenuto|Wolfgang Amadeus Mozart|András Schiff (piano), Camerata Salzburg, Sándor Végh (conductor)|1784|Decca Records|recorded by András Schiff (piano), Camerata Salzburg, Sándor Végh (conductor) in 1984-06, composed by Wolfgang Amadeus Mozart (1756-01-27 - 1791-12-05, Austria) in 1784|https://musicbrainz.org/track/7440631f-8b76-3267-a7e1-6bb918e6ce9a
2018-04-06 14:03:38.017 [main] DEBUG my.project.musicbrainz.MB2mp3tag - 5|9|Piano Concertos||3|7|Concerto No. 18 in B-flat major for Piano, K. 456 "Paradis": III. Allegro vivace|Wolfgang Amadeus Mozart|András Schiff (piano), Camerata Salzburg, Sándor Végh (conductor)|1784|Decca Records|recorded by András Schiff (piano), Camerata Salzburg, Sándor Végh (conductor) in 1984-06, composed by Wolfgang Amadeus Mozart (1756-01-27 - 1791-12-05, Austria) in 1784|https://musicbrainz.org/track/4fc78cb7-dece-3ecb-a347-94e4221e001f
2018-04-06 14:03:38.017 [main] DEBUG my.project.musicbrainz.MB2mp3tag - 5|9|Piano Concertos||4|7|Concerto no. 19 in F major for Piano, K. 459: I. Allegro|Wolfgang Amadeus Mozart|András Schiff (piano), Camerata Salzburg, Sándor Végh (conductor)|1784|Decca Records|recorded by András Schiff (piano), Camerata Salzburg, Sándor Végh (conductor) in 1987-06, composed by Wolfgang Amadeus Mozart (1756-01-27 - 1791-12-05, Austria) in 1784|https://musicbrainz.org/track/fc4255a2-e747-382a-93d6-0f1eea12e058
2018-04-06 14:03:38.017 [main] DEBUG my.project.musicbrainz.MB2mp3tag - 5|9|Piano Concertos||5|7|Concerto no. 19 in F major for Piano, K. 459: II. Allegretto|Wolfgang Amadeus Mozart|András Schiff (piano), Camerata Salzburg, Sándor Végh (conductor)|1784|Decca Records|recorded by András Schiff (piano), Camerata Salzburg, Sándor Végh (conductor) in 1987-06, composed by Wolfgang Amadeus Mozart (1756-01-27 - 1791-12-05, Austria) in 1784|https://musicbrainz.org/track/178ebf0d-9140-3022-b254-2ba6bd53f6c8
2018-04-06 14:03:38.017 [main] DEBUG my.project.musicbrainz.MB2mp3tag - 5|9|Piano Concertos||6|7|Concerto no. 19 in F major for Piano, K. 459: III. Allegro assai|Wolfgang Amadeus Mozart|András Schiff (piano), Camerata Salzburg, Sándor Végh (conductor)|1784|Decca Records|recorded by András Schiff (piano), Camerata Salzburg, Sándor Végh (conductor) in 1987-06, composed by Wolfgang Amadeus Mozart (1756-01-27 - 1791-12-05, Austria) in 1784|https://musicbrainz.org/track/f4ab4cd2-9eb3-36e1-8b4f-f8b5e391b37d
2018-04-06 14:03:38.017 [main] DEBUG my.project.musicbrainz.MB2mp3tag - 5|9|Piano Concertos||7|7|Rondo in A major, KV 386|Wolfgang Amadeus Mozart|András Schiff (piano), Camerata Salzburg, Sándor Végh (conductor)||Decca Records|recorded by András Schiff (piano), Camerata Salzburg, Sándor Végh (conductor) in 1990-08, composed by Wolfgang Amadeus Mozart (1756-01-27 - 1791-12-05, Austria)|https://musicbrainz.org/track/65c946f4-898f-30dd-91e3-ed175803a5e0
2018-04-06 14:03:38.017 [main] DEBUG my.project.musicbrainz.MB2mp3tag - 6|9|Piano Concertos||1|6|Concerto for Piano No. 20 in D minor, K. 466: I. Allegro|Wolfgang Amadeus Mozart|András Schiff (piano), Camerata Salzburg, Sándor Végh (conductor)|1785|Decca Records|recorded by András Schiff (piano), Camerata Salzburg, Sándor Végh (conductor) in 1989-12, composed by Wolfgang Amadeus Mozart (1756-01-27 - 1791-12-05, Austria) in 1785|https://musicbrainz.org/track/8b55013a-1770-30e2-9877-7dc0ace468b2
2018-04-06 14:03:38.017 [main] DEBUG my.project.musicbrainz.MB2mp3tag - 6|9|Piano Concertos||2|6|Concerto for Piano No. 20 in D minor, K. 466: II. Romanze|Wolfgang Amadeus Mozart|András Schiff (piano), Camerata Salzburg, Sándor Végh (conductor)|1785|Decca Records|recorded by András Schiff (piano), Camerata Salzburg, Sándor Végh (conductor) in 1989-12, composed by Wolfgang Amadeus Mozart (1756-01-27 - 1791-12-05, Austria) in 1785|https://musicbrainz.org/track/666c88ef-ff0f-3f8f-8a6f-c26afe42ffe0
2018-04-06 14:03:38.017 [main] DEBUG my.project.musicbrainz.MB2mp3tag - 6|9|Piano Concertos||3|6|Concerto for Piano No. 20 in D minor, K. 466: III. Rondo. Allegro assai|Wolfgang Amadeus Mozart|András Schiff (piano), Camerata Salzburg, Sándor Végh (conductor)|1785|Decca Records|recorded by András Schiff (piano), Camerata Salzburg, Sándor Végh (conductor) in 1989-12, composed by Wolfgang Amadeus Mozart (1756-01-27 - 1791-12-05, Austria) in 1785|https://musicbrainz.org/track/7371bd72-aea7-3579-8f1f-a18eebc33691
2018-04-06 14:03:38.017 [main] DEBUG my.project.musicbrainz.MB2mp3tag - 6|9|Piano Concertos||4|6|Concerto for Piano No. 21 in C major, K. 467 "Elvira Madigan": I. Allegro|Wolfgang Amadeus Mozart|András Schiff (piano), Camerata Salzburg, Sándor Végh (conductor)|1785|Decca Records|recorded by András Schiff (piano), Camerata Salzburg, Sándor Végh (conductor) in 1989-12, composed by Wolfgang Amadeus Mozart (1756-01-27 - 1791-12-05, Austria) in 1785|https://musicbrainz.org/track/04b4442d-36c2-30ce-bc81-3dd706f20b85
2018-04-06 14:03:38.017 [main] DEBUG my.project.musicbrainz.MB2mp3tag - 6|9|Piano Concertos||5|6|Piano Concerto no. 21 in C major, K. 467: II. Andante|Wolfgang Amadeus Mozart|András Schiff (piano), Camerata Salzburg, Sándor Végh (conductor)|1785|Decca Records|recorded by András Schiff (piano), Camerata Salzburg, Sándor Végh (conductor) in 1989-12, composed by Wolfgang Amadeus Mozart (1756-01-27 - 1791-12-05, Austria) in 1785|https://musicbrainz.org/track/81ce8906-259a-370d-b2a3-bf2472563d35
2018-04-06 14:03:38.017 [main] DEBUG my.project.musicbrainz.MB2mp3tag - 6|9|Piano Concertos||6|6|Concerto for Piano No. 21 in C major, K. 467 "Elvira Madigan": III. Allegro vivace assai|Wolfgang Amadeus Mozart|András Schiff (piano), Camerata Salzburg, Sándor Végh (conductor)|1785|Decca Records|recorded by András Schiff (piano), Camerata Salzburg, Sándor Végh (conductor) in 1989-12, composed by Wolfgang Amadeus Mozart (1756-01-27 - 1791-12-05, Austria) in 1785|https://musicbrainz.org/track/6547921c-09b7-32cb-8ce6-ff6cccd8a15b
2018-04-06 14:03:38.018 [main] DEBUG my.project.musicbrainz.MB2mp3tag - 7|9|Piano Concertos||1|6|Concerto for Piano No. 22 in E-flat major, K. 482: I. Allegro|Wolfgang Amadeus Mozart|András Schiff (piano), Camerata Salzburg, Sándor Végh (conductor)|1785-12|Decca Records|recorded by András Schiff (piano), Camerata Salzburg, Sándor Végh (conductor) in 1989-05, composed by Wolfgang Amadeus Mozart (1756-01-27 - 1791-12-05, Austria) in 1785-12|https://musicbrainz.org/track/23039f9e-de16-3ea8-99fa-3786a0e0ae9d
2018-04-06 14:03:38.018 [main] DEBUG my.project.musicbrainz.MB2mp3tag - 7|9|Piano Concertos||2|6|Concerto for Piano No. 22 in E-flat major, K. 482: II. Andante|Wolfgang Amadeus Mozart|András Schiff (piano), Camerata Salzburg, Sándor Végh (conductor)|1785-12|Decca Records|recorded by András Schiff (piano), Camerata Salzburg, Sándor Végh (conductor) in 1989-05, composed by Wolfgang Amadeus Mozart (1756-01-27 - 1791-12-05, Austria) in 1785-12|https://musicbrainz.org/track/d42187ed-888f-34e0-a520-50cdf7b93384
2018-04-06 14:03:38.018 [main] DEBUG my.project.musicbrainz.MB2mp3tag - 7|9|Piano Concertos||3|6|Concerto for Piano No. 22 in E-flat major, K. 482: III. Allegro|Wolfgang Amadeus Mozart|András Schiff (piano), Camerata Salzburg, Sándor Végh (conductor)|1785-12|Decca Records|recorded by András Schiff (piano), Camerata Salzburg, Sándor Végh (conductor) in 1989-05, composed by Wolfgang Amadeus Mozart (1756-01-27 - 1791-12-05, Austria) in 1785-12|https://musicbrainz.org/track/546ca1e2-2d8e-34ea-8517-c1c085460da0
2018-04-06 14:03:38.018 [main] DEBUG my.project.musicbrainz.MB2mp3tag - 7|9|Piano Concertos||4|6|Concerto for Piano No. 23 in A major, K. 488: I. Allegro|Wolfgang Amadeus Mozart|András Schiff (piano), Camerata Salzburg, Sándor Végh (conductor)|1786|Decca Records|recorded by András Schiff (piano), Camerata Salzburg, Sándor Végh (conductor) in 1989-05, composed by Wolfgang Amadeus Mozart (1756-01-27 - 1791-12-05, Austria) in 1786|https://musicbrainz.org/track/189342b6-9aea-3e8a-81e3-ce6e26115403
2018-04-06 14:03:38.018 [main] DEBUG my.project.musicbrainz.MB2mp3tag - 7|9|Piano Concertos||5|6|Concerto for Piano No. 23 in A major, K. 488: II. Andante|Wolfgang Amadeus Mozart|András Schiff (piano), Camerata Salzburg, Sándor Végh (conductor)|1786|Decca Records|recorded by András Schiff (piano), Camerata Salzburg, Sándor Végh (conductor) in 1989-05, composed by Wolfgang Amadeus Mozart (1756-01-27 - 1791-12-05, Austria) in 1786|https://musicbrainz.org/track/0aaaa0a9-a3a9-32af-96a4-16a6053d0155
2018-04-06 14:03:38.018 [main] DEBUG my.project.musicbrainz.MB2mp3tag - 7|9|Piano Concertos||6|6|Concerto for Piano No. 23 in A major, K. 488: III. Allegro|Wolfgang Amadeus Mozart|András Schiff (piano), Camerata Salzburg, Sándor Végh (conductor)|1786|Decca Records|recorded by András Schiff (piano), Camerata Salzburg, Sándor Végh (conductor) in 1989-05, composed by Wolfgang Amadeus Mozart (1756-01-27 - 1791-12-05, Austria) in 1786|https://musicbrainz.org/track/e42515a9-53dd-33be-9eaa-98327c1bea49
2018-04-06 14:03:38.018 [main] DEBUG my.project.musicbrainz.MB2mp3tag - 8|9|Piano Concertos||1|6|Concerto for Piano No. 24 in C minor, K. 491: I. Allegro|Wolfgang Amadeus Mozart|András Schiff (piano), Camerata Salzburg, Sándor Végh (conductor)|1785|Decca Records|recorded by András Schiff (piano), Camerata Salzburg, Sándor Végh (conductor) in 1988-12, composed by Wolfgang Amadeus Mozart (1756-01-27 - 1791-12-05, Austria) in 1785|https://musicbrainz.org/track/3e7ec833-1145-3cb9-a358-81dd16a07841
2018-04-06 14:03:38.018 [main] DEBUG my.project.musicbrainz.MB2mp3tag - 8|9|Piano Concertos||2|6|Concerto for Piano No. 24 in C minor, K. 491: II. Larghetto|Wolfgang Amadeus Mozart|András Schiff (piano), Camerata Salzburg, Sándor Végh (conductor)|1785|Decca Records|recorded by András Schiff (piano), Camerata Salzburg, Sándor Végh (conductor) in 1988-12, composed by Wolfgang Amadeus Mozart (1756-01-27 - 1791-12-05, Austria) in 1785|https://musicbrainz.org/track/64a76752-9acf-3506-92fd-a3244027c2b8
2018-04-06 14:03:38.018 [main] DEBUG my.project.musicbrainz.MB2mp3tag - 8|9|Piano Concertos||3|6|Concerto for Piano No. 24 in C minor, K. 491: III. Allegretto|Wolfgang Amadeus Mozart|András Schiff (piano), Camerata Salzburg, Sándor Végh (conductor)|1785|Decca Records|recorded by András Schiff (piano), Camerata Salzburg, Sándor Végh (conductor) in 1988-12, composed by Wolfgang Amadeus Mozart (1756-01-27 - 1791-12-05, Austria) in 1785|https://musicbrainz.org/track/4c6d0d00-f005-3b64-bbb8-d8d6f8e7fcc8
2018-04-06 14:03:38.018 [main] DEBUG my.project.musicbrainz.MB2mp3tag - 8|9|Piano Concertos||4|6|Concerto for Piano No. 25 in C major, K. 503: I. Allegro maestoso|Wolfgang Amadeus Mozart|András Schiff (piano), Camerata Salzburg, Sándor Végh (conductor)|1786|Decca Records|recorded by András Schiff (piano), Camerata Salzburg, Sándor Végh (conductor) in 1988-12, composed by Wolfgang Amadeus Mozart (1756-01-27 - 1791-12-05, Austria) in 1786|https://musicbrainz.org/track/7e73e654-b4a4-326b-a18e-2c4aeceb0755
2018-04-06 14:03:38.018 [main] DEBUG my.project.musicbrainz.MB2mp3tag - 8|9|Piano Concertos||5|6|Concerto for Piano No. 25 in C major, K. 503: II. Andante|Wolfgang Amadeus Mozart|András Schiff (piano), Camerata Salzburg, Sándor Végh (conductor)|1786|Decca Records|recorded by András Schiff (piano), Camerata Salzburg, Sándor Végh (conductor) in 1988-12, composed by Wolfgang Amadeus Mozart (1756-01-27 - 1791-12-05, Austria) in 1786|https://musicbrainz.org/track/1ccf11d5-13f5-3521-b841-4cdcd4fd40d9
2018-04-06 14:03:38.018 [main] DEBUG my.project.musicbrainz.MB2mp3tag - 8|9|Piano Concertos||6|6|Concerto for Piano No. 25 in C major, K. 503: III. Allegretto|Wolfgang Amadeus Mozart|András Schiff (piano), Camerata Salzburg, Sándor Végh (conductor)|1786|Decca Records|recorded by András Schiff (piano), Camerata Salzburg, Sándor Végh (conductor) in 1988-12, composed by Wolfgang Amadeus Mozart (1756-01-27 - 1791-12-05, Austria) in 1786|https://musicbrainz.org/track/478ad60f-646b-3e3e-9698-f21afc091d06
2018-04-06 14:03:38.018 [main] DEBUG my.project.musicbrainz.MB2mp3tag - 9|9|Piano Concertos||1|6|Concerto for Piano No. 26 in D major, K. 537 "Coronation": I. Allegro|Wolfgang Amadeus Mozart|András Schiff (piano), Camerata Salzburg, Sándor Végh (conductor)|1788|Decca Records|recorded by András Schiff (piano), Camerata Salzburg, Sándor Végh (conductor) in 1993-09, composed by Wolfgang Amadeus Mozart (1756-01-27 - 1791-12-05, Austria) in 1788|https://musicbrainz.org/track/582d67ac-4513-3d78-8767-d60afa9ef174
2018-04-06 14:03:38.019 [main] DEBUG my.project.musicbrainz.MB2mp3tag - 9|9|Piano Concertos||2|6|Concerto for Piano No. 26 in D major, K. 537 "Coronation": II. Larghetto|Wolfgang Amadeus Mozart|András Schiff (piano), Camerata Salzburg, Sándor Végh (conductor)|1788|Decca Records|recorded by András Schiff (piano), Camerata Salzburg, Sándor Végh (conductor) in 1993-09, composed by Wolfgang Amadeus Mozart (1756-01-27 - 1791-12-05, Austria) in 1788|https://musicbrainz.org/track/390ea39c-c9a9-3c1a-a049-bb05d049dec8
2018-04-06 14:03:38.019 [main] DEBUG my.project.musicbrainz.MB2mp3tag - 9|9|Piano Concertos||3|6|Concerto for Piano No. 26 in D major, K. 537 "Coronation": III. Allegretto|Wolfgang Amadeus Mozart|András Schiff (piano), Camerata Salzburg, Sándor Végh (conductor)|1788|Decca Records|recorded by András Schiff (piano), Camerata Salzburg, Sándor Végh (conductor) in 1993-09, composed by Wolfgang Amadeus Mozart (1756-01-27 - 1791-12-05, Austria) in 1788|https://musicbrainz.org/track/2cfc2bbf-2816-3122-925e-33036dbef4d4
2018-04-06 14:03:38.019 [main] DEBUG my.project.musicbrainz.MB2mp3tag - 9|9|Piano Concertos||4|6|Concerto for Piano No. 27 in B-flat major, K. 595: I. Allegro|Wolfgang Amadeus Mozart|András Schiff (piano), Camerata Salzburg, Sándor Végh (conductor)||Decca Records|recorded by András Schiff (piano), Camerata Salzburg, Sándor Végh (conductor) in 1987-06, composed by Wolfgang Amadeus Mozart (1756-01-27 - 1791-12-05, Austria)|https://musicbrainz.org/track/7381ec24-a2ba-352b-9e59-5ce0b55436d7
2018-04-06 14:03:38.019 [main] DEBUG my.project.musicbrainz.MB2mp3tag - 9|9|Piano Concertos||5|6|Concerto for Piano No. 27 in B-flat major, K. 595: II. Larghetto|Wolfgang Amadeus Mozart|András Schiff (piano), Camerata Salzburg, Sándor Végh (conductor)||Decca Records|recorded by András Schiff (piano), Camerata Salzburg, Sándor Végh (conductor) in 1987-06, composed by Wolfgang Amadeus Mozart (1756-01-27 - 1791-12-05, Austria)|https://musicbrainz.org/track/90059e03-29a5-3166-aa1a-64c205495a3f
2018-04-06 14:03:38.019 [main] DEBUG my.project.musicbrainz.MB2mp3tag - 9|9|Piano Concertos||6|6|Concerto for Piano No. 27 in B-flat major, K. 595: III. Rondo. Allegro|Wolfgang Amadeus Mozart|András Schiff (piano), Camerata Salzburg, Sándor Végh (conductor)||Decca Records|recorded by András Schiff (piano), Camerata Salzburg, Sándor Végh (conductor) in 1987-06, composed by Wolfgang Amadeus Mozart (1756-01-27 - 1791-12-05, Austria)|https://musicbrainz.org/track/4a7140fb-ca21-3f1e-95ed-4ceecd76f891
